constructor 
opened 
constructor 
opened 
constructor 
opened 
constructor 
opened 
constructor 
opened 
constructor 
opened 
constructor 
opened 
constructor 
opened 
constructor 
opened 
constructor 
opened 
constructor 
opened 
constructor 
opened 
constructor 
opened 
constructor 
opened 
constructor 
opened 
Reading 
constructor 
opened 
Reading 
constructor 
opened 
Reading 
constructor 
opened 
Reading 
constructor 
opened 
Reading 
constructor 
opened 
Reading 
constructor 
opened 
Reading 
constructor 
opened 
Reading 
constructor 
opened 
Reading 
constructor 
opened 
Reading 
constructor 
opened 
Reading 
constructor 
opened 
Reading 
constructor 
opened 
Reading 
constructor 
opened 
Reading 
constructor 
opened 
Reading 
Constructor 
opened 
Reading 
Constructor 
opened 
Reading 
Constructor 
opened 
Reading 
Constructor 
opened 
Reading 
Constructor 
opened 
Reading 
Constructor 
opened 
Reading 
Constructor 
opened 
Reading 
Constructor 
opened 
Reading 
Constructor 
opened 
Reading 
Constructor 
opened 
Reading 
Constructor 
opened 
Reading 
Constructor 
opened 
Reading 
Constructor 
opened 
Reading 
Constructor 
opened 
Reading 
Constructor 
opened 
Reading 
Constructor 
opened 
Reading 
Constructor 
opened 
Reading 
Constructor 
opened 
Reading 
Constructor 
opened 
Reading 
Constructor 
opened 
Reading 
Constructor 
opened 
Reading 
Constructor 
opened 
Reading 
Constructor 
opened 
Reading 
Constructor 
opened 
Reading 
Constructor 
opened 
Reading 
Constructor 
opened 
Reading 
Destroyed 
Closed 
