Constructor 
opened 
Reading 
Constructor 
opened 
Reading 
Constructor 
opened 
Reading 
Constructor 
opened 
Reading 
Constructor 
opened 
Reading 
Destroyed 
Closed 
Constructor 
opened 
Reading 
Constructor 
opened 
Reading 
Constructor 
opened 
Reading 
Writing 
Closed 
Constructor 
opened 
Reading 
Writing 
Closed 
Constructor 
opened 
Reading 
Writing 
Closed 
Constructor 
opened 
Reading 
Writing 
Closed 
Constructor 
opened 
Reading 
Writing 
Closed 
Constructor 
opened 
Reading 
Writing 
Closed 
Constructor 
opened 
Reading 
Writing 
Closed 
Constructor 
opened 
Reading 
Writing 
Closed 
Constructor 
opened 
Reading 
Writing 
Closed 
Constructor 
opened 
Reading 
Writing 
Closed 
Constructor 
opened 
Reading 
Writing 
Closed 
Constructor 
opened 
Reading 
Constructor 
opened 
Reading 
Constructor 
opened 
Reading 
Constructor 
opened 
Reading 
Constructor 
opened 
Reading 
Constructor 
opened 
Reading 
Constructor 
opened 
Reading 
Writing 
Closed 
Constructor 
opened 
Reading 
Writing 
Closed 
Constructor 
opened 
Reading 
Writing 
Closed 
Constructor 
opened 
Reading 
Writing 
Closed 
Constructor 
opened 
Reading 
Writing 
Closed 
Constructor 
opened 
Reading 
Writing 
Closed 
Constructor 
opened 
Reading 
Writing 
Closed 
Constructor 
opened 
Reading 
Writing 
Closed 
Constructor 
opened 
Reading 
Writing 
Closed 
Constructor 
opened 
Reading 
Writing 
Closed 
